<?xml version="1.0" encoding="UTF-8"?>
<testsuite xmlns:xsi="http://www.w3.org/2001/XMLSchema-instance" xsi:noNamespaceSchemaLocation="https://maven.apache.org/surefire/maven-surefire-plugin/xsd/surefire-test-report-3.0.xsd" version="3.0" name="com.devops.jenkinsgitdownload.JenkinsGitDownloadApplicationTests" time="4.053" tests="1" errors="0" skipped="0" failures="0">
  <properties>
[...]
</properties>
  <testcase name="contextLoads" classname="com.devops.jenkinsgitdownload.JenkinsGitDownloadApplicationTests" time="1.339">
    <system-out><![CDATA[00:18:51.026 [main] INFO org.springframework.test.context.support.AnnotationConfigContextLoaderUtils -- Could not detect default configuration classes for test class [com.devops.jenkinsgitdownload.JenkinsGitDownloadApplicationTests]: JenkinsGitDownloadApplicationTests does not declare any static, non-private, non-final, nested classes annotated with @Configuration.
00:18:51.191 [main] INFO org.springframework.boot.test.context.SpringBootTestContextBootstrapper -- Found @SpringBootConfiguration com.devops.jenkinsgitdownload.JenkinsGitDownloadApplication for test class com.devops.jenkinsgitdownload.JenkinsGitDownloadApplicationTests

  .   ____          _            __ _ _
 /\\ / ___'_ __ _ _(_)_ __  __ _ \ \ \ \
( ( )\___ | '_ | '_| | '_ \/ _` | \ \ \ \
 \\/  ___)| |_)| | | | | || (_| |  ) ) ) )
  '  |____| .__|_| |_|_| |_\__, | / / / /
 =========|_|==============|___/=/_/_/_/
 :: Spring Boot ::                (v3.2.4)

2024-04-02T00:18:51.867+05:30  INFO 18012 --- [Jenkins Git Download Application] [           main] c.d.j.JenkinsGitDownloadApplicationTests : Starting JenkinsGitDownloadApplicationTests using Java 19.0.1 with PID 18012 (started by vineetkumar05 in C:\Users\vineetkumar05\Downloads\jenkins-git-download\jenkins-git-download)
2024-04-02T00:18:51.869+05:30  INFO 18012 --- [Jenkins Git Download Application] [           main] c.d.j.JenkinsGitDownloadApplicationTests : No active profile set, falling back to 1 default profile: "default"
2024-04-02T00:18:53.409+05:30  INFO 18012 --- [Jenkins Git Download Application] [           main] c.d.j.JenkinsGitDownloadApplicationTests : Started JenkinsGitDownloadApplicationTests in 1.924 seconds (process running for 3.952)
]]></system-out>
  </testcase>
</testsuite>